2015-06-15 14:00:52,204 [Worker-16] INFO  o.e.m.i.launch.MavenLaunchDelegate - /Users/joglover/myapp/MavenTestApp
2015-06-15 14:00:52,217 [Worker-16] INFO  o.e.m.i.launch.MavenLaunchDelegate -  mvn  -B clean
2015-06-15 14:20:01,476 [main] INFO  o.e.m2e.actions.ExecutePomAction - Creating new launch configuration
2015-06-15 14:20:14,633 [Worker-13] INFO  o.e.m.i.launch.MavenLaunchDelegate - /Users/joglover/myapp/MavenTestApp
2015-06-15 14:20:14,633 [Worker-13] INFO  o.e.m.i.launch.MavenLaunchDelegate -  mvn  -B test
2015-06-15 14:20:32,572 [Worker-24] INFO  o.e.m.i.launch.MavenLaunchDelegate - /Users/joglover/myapp/MavenTestApp
2015-06-15 14:20:32,575 [Worker-24] INFO  o.e.m.i.launch.MavenLaunchDelegate -  mvn  -B clean
2015-06-15 14:23:44,437 [ModalContext] INFO  o.e.m.c.i.e.AbstractTransferListenerAdapter - Downloading http://repo.maven.apache.org/maven2/org/apache/maven/archetypes/maven-archetype-j2ee-simple/maven-metadata.xml
2015-06-15 14:23:44,538 [ModalContext] INFO  o.e.m.c.i.e.AbstractTransferListenerAdapter - Downloaded http://repo.maven.apache.org/maven2/org/apache/maven/archetypes/maven-archetype-j2ee-simple/maven-metadata.xml
2015-06-15 14:23:44,639 [ModalContext] INFO  o.e.m.c.i.e.AbstractTransferListenerAdapter - Downloading http://repo.maven.apache.org/maven2/org/apache/maven/archetypes/maven-archetype-j2ee-simple/1.0/maven-archetype-j2ee-simple-1.0.jar
2015-06-15 14:23:44,780 [ModalContext] INFO  o.e.m.c.i.e.AbstractTransferListenerAdapter - Downloaded http://repo.maven.apache.org/maven2/org/apache/maven/archetypes/maven-archetype-j2ee-simple/1.0/maven-archetype-j2ee-simple-1.0.jar
2015-06-15 14:24:26,734 [Worker-4] INFO  o.e.m.c.i.e.AbstractTransferListenerAdapter - Downloading http://repo.maven.apache.org/maven2/org/apache/maven/archetypes/maven-archetype-j2ee-simple/1.0/maven-archetype-j2ee-simple-1.0.pom
2015-06-15 14:24:26,904 [Worker-4] INFO  o.e.m.c.i.e.AbstractTransferListenerAdapter - Downloaded http://repo.maven.apache.org/maven2/org/apache/maven/archetypes/maven-archetype-j2ee-simple/1.0/maven-archetype-j2ee-simple-1.0.pom
2015-06-15 14:24:26,948 [pool-2-thread-1] INFO  o.e.m.c.i.e.AbstractTransferListenerAdapter - Downloaded file:///Users/joglover/.m2/repository/org/apache/maven/archetypes/maven-archetype-j2ee-simple/1.0/maven-archetype-j2ee-simple-1.0.jar
2015-06-15 14:24:27,051 [Worker-4] INFO  o.e.m.c.i.p.ProjectConfigurationManager - Collecting project info '/pom.xml' /Users/joglover/Documents/workspace/mywebapp/pom.xml
2015-06-15 14:24:27,052 [Worker-4] INFO  o.e.m.c.i.p.ProjectConfigurationManager - Collecting project info 'projects/pom.xml' /Users/joglover/Documents/workspace/mywebapp/projects/pom.xml
2015-06-15 14:24:27,053 [Worker-4] INFO  o.e.m.c.i.p.ProjectConfigurationManager - Collecting project info 'logging/pom.xml' /Users/joglover/Documents/workspace/mywebapp/projects/logging/pom.xml
2015-06-15 14:24:27,053 [Worker-4] INFO  o.e.m.c.i.p.ProjectConfigurationManager - Collecting project info 'primary-source/pom.xml' /Users/joglover/Documents/workspace/mywebapp/primary-source/pom.xml
2015-06-15 14:24:27,053 [Worker-4] INFO  o.e.m.c.i.p.ProjectConfigurationManager - Collecting project info 'servlets/pom.xml' /Users/joglover/Documents/workspace/mywebapp/servlets/pom.xml
2015-06-15 14:24:27,053 [Worker-4] INFO  o.e.m.c.i.p.ProjectConfigurationManager - Collecting project info 'servlet/pom.xml' /Users/joglover/Documents/workspace/mywebapp/servlets/servlet/pom.xml
2015-06-15 14:24:27,054 [Worker-4] INFO  o.e.m.c.i.p.ProjectConfigurationManager - Collecting project info 'ejbs/pom.xml' /Users/joglover/Documents/workspace/mywebapp/ejbs/pom.xml
2015-06-15 14:24:27,054 [Worker-4] INFO  o.e.m.c.i.p.ProjectConfigurationManager - Collecting project info 'ear/pom.xml' /Users/joglover/Documents/workspace/mywebapp/ear/pom.xml
2015-06-15 14:24:27,656 [Worker-4] INFO  o.e.m.c.i.l.LifecycleMappingFactory - Using NULL lifecycle mapping for MavenProject: root:project:1.0 @ /Users/joglover/Documents/workspace/project/pom.xml.
2015-06-15 14:24:27,671 [Worker-4] INFO  o.e.m.c.i.l.LifecycleMappingFactory - Using NULL lifecycle mapping for MavenProject: root.project:projects:1.0 @ /Users/joglover/Documents/workspace/project/projects/pom.xml.
2015-06-15 14:24:28,719 [Worker-4] INFO  o.e.m.c.i.l.LifecycleMappingFactory - Using org.eclipse.m2e.jdt.JarLifecycleMapping lifecycle mapping for MavenProject: root.project.projects:logging:1.0 @ /Users/joglover/Documents/workspace/project/projects/logging/pom.xml.
2015-06-15 14:24:28,848 [Worker-4] INFO  o.e.m.c.i.e.AbstractTransferListenerAdapter - Downloading http://repo.maven.apache.org/maven2/org/apache/maven/plugins/maven-javadoc-plugin/maven-metadata.xml
2015-06-15 14:24:29,048 [Worker-4] INFO  o.e.m.c.i.e.AbstractTransferListenerAdapter - Downloaded http://repo.maven.apache.org/maven2/org/apache/maven/plugins/maven-javadoc-plugin/maven-metadata.xml
2015-06-15 14:24:29,172 [Worker-4] INFO  o.e.m.c.i.e.AbstractTransferListenerAdapter - Downloading http://repo.maven.apache.org/maven2/org/apache/maven/plugins/maven-javadoc-plugin/2.10.3/maven-javadoc-plugin-2.10.3.pom
2015-06-15 14:24:29,451 [Worker-4] INFO  o.e.m.c.i.e.AbstractTransferListenerAdapter - Downloaded http://repo.maven.apache.org/maven2/org/apache/maven/plugins/maven-javadoc-plugin/2.10.3/maven-javadoc-plugin-2.10.3.pom
2015-06-15 14:24:29,570 [Worker-4] INFO  o.e.m.c.i.e.AbstractTransferListenerAdapter - Downloading http://repo.maven.apache.org/maven2/org/apache/maven/plugins/maven-plugins/27/maven-plugins-27.pom
2015-06-15 14:24:29,804 [Worker-4] INFO  o.e.m.c.i.e.AbstractTransferListenerAdapter - Downloaded http://repo.maven.apache.org/maven2/org/apache/maven/plugins/maven-plugins/27/maven-plugins-27.pom
2015-06-15 14:24:29,968 [Worker-4] INFO  o.e.m.c.i.e.AbstractTransferListenerAdapter - Downloading http://repo.maven.apache.org/maven2/org/apache/maven/plugins/maven-javadoc-plugin/2.10.3/maven-javadoc-plugin-2.10.3.jar
2015-06-15 14:24:31,783 [Worker-4] INFO  o.e.m.c.i.e.AbstractTransferListenerAdapter - Downloaded http://repo.maven.apache.org/maven2/org/apache/maven/plugins/maven-javadoc-plugin/2.10.3/maven-javadoc-plugin-2.10.3.jar
2015-06-15 14:24:32,247 [Worker-4] INFO  o.e.m.c.i.l.LifecycleMappingFactory - Using org.eclipse.m2e.jdt.JarLifecycleMapping lifecycle mapping for MavenProject: root.project:primary-source:1.0 @ /Users/joglover/Documents/workspace/project/primary-source/pom.xml.
2015-06-15 14:24:32,272 [Worker-4] INFO  o.e.m.c.i.l.LifecycleMappingFactory - Using NULL lifecycle mapping for MavenProject: root.project:servlets:1.0 @ /Users/joglover/Documents/workspace/project/servlets/pom.xml.
2015-06-15 14:24:32,368 [Worker-4] INFO  o.e.m.c.i.l.LifecycleMappingFactory - Using org.eclipse.m2e.jdt.JarLifecycleMapping lifecycle mapping for MavenProject: root.project.servlets:servlet:1.0 @ /Users/joglover/Documents/workspace/project/servlets/servlet/pom.xml.
2015-06-15 14:24:32,556 [Worker-4] INFO  o.e.m.c.i.e.AbstractTransferListenerAdapter - Downloading http://repo.maven.apache.org/maven2/org/apache/maven/plugins/maven-ejb-plugin/2.3/maven-ejb-plugin-2.3.jar
2015-06-15 14:24:32,728 [Worker-4] INFO  o.e.m.c.i.e.AbstractTransferListenerAdapter - Downloaded http://repo.maven.apache.org/maven2/org/apache/maven/plugins/maven-ejb-plugin/2.3/maven-ejb-plugin-2.3.jar
2015-06-15 14:24:32,765 [Worker-4] INFO  o.e.m.c.i.l.LifecycleMappingFactory - Using DEFAULT lifecycle mapping for MavenProject: root.project:ejbs:1.0 @ /Users/joglover/Documents/workspace/project/ejbs/pom.xml.
2015-06-15 14:24:33,256 [Worker-4] INFO  o.e.m.c.i.e.AbstractTransferListenerAdapter - Downloading http://repo.maven.apache.org/maven2/org/apache/maven/plugins/maven-ear-plugin/2.8/maven-ear-plugin-2.8.jar
2015-06-15 14:24:33,733 [Worker-4] INFO  o.e.m.c.i.e.AbstractTransferListenerAdapter - Downloaded http://repo.maven.apache.org/maven2/org/apache/maven/plugins/maven-ear-plugin/2.8/maven-ear-plugin-2.8.jar
2015-06-15 14:24:33,937 [Worker-4] INFO  o.e.m.c.i.e.AbstractTransferListenerAdapter - Downloading http://repo.maven.apache.org/maven2/org/apache/maven/plugins/maven-resources-plugin/2.4.3/maven-resources-plugin-2.4.3.jar
2015-06-15 14:24:34,119 [Worker-4] INFO  o.e.m.c.i.e.AbstractTransferListenerAdapter - Downloaded http://repo.maven.apache.org/maven2/org/apache/maven/plugins/maven-resources-plugin/2.4.3/maven-resources-plugin-2.4.3.jar
2015-06-15 14:24:34,154 [Worker-4] INFO  o.e.m.c.i.l.LifecycleMappingFactory - Using DEFAULT lifecycle mapping for MavenProject: root.project:ear:1.0 @ /Users/joglover/Documents/workspace/project/ear/pom.xml.
2015-06-15 14:24:34,695 [Worker-4] INFO  o.e.m.j.i.AbstractJavaProjectConfigurator - Adding source folder /logging/src/main/java
2015-06-15 14:24:34,696 [Worker-4] INFO  o.e.m.j.i.AbstractJavaProjectConfigurator - Adding source folder /logging/src/test/java
2015-06-15 14:24:34,889 [Worker-4] INFO  o.e.m.j.i.AbstractJavaProjectConfigurator - Adding source folder /primary-source/src/main/java
2015-06-15 14:24:34,890 [Worker-4] INFO  o.e.m.j.i.AbstractJavaProjectConfigurator - Adding source folder /primary-source/src/test/java
2015-06-15 14:24:35,012 [Worker-4] INFO  o.e.m.j.i.AbstractJavaProjectConfigurator - Adding source folder /ejbs/src/main/java
2015-06-15 14:24:35,013 [Worker-4] INFO  o.e.m.j.i.AbstractJavaProjectConfigurator - Adding resource folder /ejbs/src/main/resources
2015-06-15 14:24:35,014 [Worker-4] INFO  o.e.m.j.i.AbstractJavaProjectConfigurator - Adding source folder /ejbs/src/test/java
2015-06-15 14:24:35,109 [Worker-4] INFO  o.e.m.j.i.AbstractJavaProjectConfigurator - Adding source folder /servlet/src/main/java
2015-06-15 14:24:35,110 [Worker-4] INFO  o.e.m.j.i.AbstractJavaProjectConfigurator - Adding source folder /servlet/src/test/java
2015-06-15 14:24:35,264 [Worker-4] INFO  o.e.m.c.i.e.AbstractTransferListenerAdapter - Downloading http://repo.maven.apache.org/maven2/org/apache/maven/plugins/maven-resources-plugin/2.4.3/maven-resources-plugin-2.4.3.pom
2015-06-15 14:24:35,462 [Worker-4] INFO  o.e.m.c.i.e.AbstractTransferListenerAdapter - Downloaded http://repo.maven.apache.org/maven2/org/apache/maven/plugins/maven-resources-plugin/2.4.3/maven-resources-plugin-2.4.3.pom
2015-06-15 14:24:35,490 [Worker-13] INFO  o.e.m.c.i.l.LifecycleMappingFactory - Using DEFAULT lifecycle mapping for MavenProject: root.project:ear:1.0 @ /Users/joglover/Documents/workspace/project/ear/pom.xml.
2015-06-15 14:24:35,509 [Worker-4] INFO  o.e.m.c.i.p.ProjectConfigurationManager - Imported and configured 8 project(s) in 8 sec
2015-06-15 14:24:35,816 [Worker-13] INFO  o.e.m.c.i.l.LifecycleMappingFactory - Using DEFAULT lifecycle mapping for MavenProject: root.project:ejbs:1.0 @ /Users/joglover/Documents/workspace/project/ejbs/pom.xml.
2015-06-15 14:24:35,936 [Worker-13] INFO  o.e.m.c.i.l.LifecycleMappingFactory - Using org.eclipse.m2e.jdt.JarLifecycleMapping lifecycle mapping for MavenProject: root.project.projects:logging:1.0 @ /Users/joglover/Documents/workspace/project/projects/logging/pom.xml.
2015-06-15 14:24:36,029 [Worker-13] INFO  o.e.m.c.i.l.LifecycleMappingFactory - Using org.eclipse.m2e.jdt.JarLifecycleMapping lifecycle mapping for MavenProject: root.project:primary-source:1.0 @ /Users/joglover/Documents/workspace/project/primary-source/pom.xml.
2015-06-15 14:24:36,553 [Worker-13] INFO  o.e.m.c.i.l.LifecycleMappingFactory - Using NULL lifecycle mapping for MavenProject: root:project:1.0 @ /Users/joglover/Documents/workspace/project/pom.xml.
2015-06-15 14:24:36,558 [Worker-13] INFO  o.e.m.c.i.l.LifecycleMappingFactory - Using NULL lifecycle mapping for MavenProject: root.project:servlets:1.0 @ /Users/joglover/Documents/workspace/project/servlets/pom.xml.
2015-06-15 14:24:36,565 [Worker-13] INFO  o.e.m.c.i.l.LifecycleMappingFactory - Using NULL lifecycle mapping for MavenProject: root.project:projects:1.0 @ /Users/joglover/Documents/workspace/project/projects/pom.xml.
2015-06-15 14:24:36,601 [Worker-13] INFO  o.e.m.c.i.l.LifecycleMappingFactory - Using DEFAULT lifecycle mapping for MavenProject: root.project:ear:1.0 @ /Users/joglover/Documents/workspace/project/ear/pom.xml.
2015-06-15 14:24:36,753 [Worker-13] INFO  o.e.m.c.i.l.LifecycleMappingFactory - Using DEFAULT lifecycle mapping for MavenProject: root.project:ejbs:1.0 @ /Users/joglover/Documents/workspace/project/ejbs/pom.xml.
2015-06-15 14:24:37,151 [Worker-19] INFO  o.e.m.c.i.e.AbstractTransferListenerAdapter - Downloading http://repo.maven.apache.org/maven2/org/apache/maven/shared/maven-filtering/1.0-beta-4/maven-filtering-1.0-beta-4.pom
2015-06-15 14:24:37,369 [Worker-19] INFO  o.e.m.c.i.e.AbstractTransferListenerAdapter - Downloaded http://repo.maven.apache.org/maven2/org/apache/maven/shared/maven-filtering/1.0-beta-4/maven-filtering-1.0-beta-4.pom
2015-06-15 14:24:37,495 [Worker-19] INFO  o.e.m.c.i.e.AbstractTransferListenerAdapter - Downloading http://repo.maven.apache.org/maven2/org/apache/maven/shared/maven-shared-components/15/maven-shared-components-15.pom
2015-06-15 14:24:37,752 [Worker-19] INFO  o.e.m.c.i.e.AbstractTransferListenerAdapter - Downloaded http://repo.maven.apache.org/maven2/org/apache/maven/shared/maven-shared-components/15/maven-shared-components-15.pom
2015-06-15 14:24:38,128 [Worker-19] INFO  o.e.m.c.i.e.AbstractTransferListenerAdapter - Downloading http://repo.maven.apache.org/maven2/org/apache/maven/shared/maven-filtering/1.0-beta-4/maven-filtering-1.0-beta-4.jar
2015-06-15 14:24:38,331 [Worker-19] INFO  o.e.m.c.i.e.AbstractTransferListenerAdapter - Downloaded http://repo.maven.apache.org/maven2/org/apache/maven/shared/maven-filtering/1.0-beta-4/maven-filtering-1.0-beta-4.jar
2015-06-15 14:24:38,412 [Worker-13] INFO  o.e.m.c.i.l.LifecycleMappingFactory - Using org.eclipse.m2e.jdt.JarLifecycleMapping lifecycle mapping for MavenProject: root.project:primary-source:1.0 @ /Users/joglover/Documents/workspace/project/primary-source/pom.xml.
2015-06-15 14:24:38,462 [Worker-19] WARN  o.e.m.c.i.embedder.EclipseLogger - Using platform encoding (UTF-8 actually) to copy filtered resources, i.e. build is platform dependent!
2015-06-15 14:24:38,491 [Worker-13] INFO  o.e.m.c.i.l.LifecycleMappingFactory - Using org.eclipse.m2e.jdt.JarLifecycleMapping lifecycle mapping for MavenProject: root.project.servlets:servlet:1.0 @ /Users/joglover/Documents/workspace/project/servlets/servlet/pom.xml.
2015-06-15 14:24:38,492 [Worker-19] INFO  o.e.m.c.i.embedder.EclipseLogger - skip non existing resourceDirectory /Users/joglover/Documents/workspace/project/ear/src/main/resources
2015-06-15 14:24:38,572 [Worker-13] INFO  o.e.m.c.i.l.LifecycleMappingFactory - Using org.eclipse.m2e.jdt.JarLifecycleMapping lifecycle mapping for MavenProject: root.project.projects:logging:1.0 @ /Users/joglover/Documents/workspace/project/projects/logging/pom.xml.
2015-06-15 14:24:38,591 [Worker-19] INFO  o.e.m.c.i.l.LifecycleMappingFactory - Using org.eclipse.m2e.jdt.JarLifecycleMapping lifecycle mapping for MavenProject: root.project.projects:logging:1.0 @ /Users/joglover/Documents/workspace/project/projects/logging/pom.xml.
2015-06-15 14:24:38,728 [Worker-19] WARN  o.e.m.c.i.embedder.EclipseLogger - Using platform encoding (UTF-8 actually) to copy filtered resources, i.e. build is platform dependent!
2015-06-15 14:24:38,729 [Worker-19] INFO  o.e.m.c.i.embedder.EclipseLogger - skip non existing resourceDirectory /Users/joglover/Documents/workspace/project/projects/logging/src/main/resources
2015-06-15 14:24:38,733 [Worker-19] WARN  o.e.m.c.i.embedder.EclipseLogger - Using platform encoding (UTF-8 actually) to copy filtered resources, i.e. build is platform dependent!
2015-06-15 14:24:38,733 [Worker-19] INFO  o.e.m.c.i.embedder.EclipseLogger - skip non existing resourceDirectory /Users/joglover/Documents/workspace/project/projects/logging/src/test/resources
2015-06-15 14:24:38,859 [Worker-19] INFO  o.e.m.c.i.l.LifecycleMappingFactory - Using org.eclipse.m2e.jdt.JarLifecycleMapping lifecycle mapping for MavenProject: root.project:primary-source:1.0 @ /Users/joglover/Documents/workspace/project/primary-source/pom.xml.
2015-06-15 14:24:38,941 [Worker-19] WARN  o.e.m.c.i.embedder.EclipseLogger - Using platform encoding (UTF-8 actually) to copy filtered resources, i.e. build is platform dependent!
2015-06-15 14:24:38,942 [Worker-19] INFO  o.e.m.c.i.embedder.EclipseLogger - skip non existing resourceDirectory /Users/joglover/Documents/workspace/project/primary-source/src/main/resources
2015-06-15 14:24:38,947 [Worker-19] WARN  o.e.m.c.i.embedder.EclipseLogger - Using platform encoding (UTF-8 actually) to copy filtered resources, i.e. build is platform dependent!
2015-06-15 14:24:38,947 [Worker-19] INFO  o.e.m.c.i.embedder.EclipseLogger - skip non existing resourceDirectory /Users/joglover/Documents/workspace/project/primary-source/src/test/resources
2015-06-15 14:24:39,031 [Worker-19] INFO  o.e.m.c.i.l.LifecycleMappingFactory - Using DEFAULT lifecycle mapping for MavenProject: root.project:ejbs:1.0 @ /Users/joglover/Documents/workspace/project/ejbs/pom.xml.
2015-06-15 14:24:39,116 [Worker-19] WARN  o.e.m.c.i.embedder.EclipseLogger - Using platform encoding (UTF-8 actually) to copy filtered resources, i.e. build is platform dependent!
2015-06-15 14:24:39,127 [Worker-19] INFO  o.e.m.c.i.embedder.EclipseLogger - Copying 1 resource
2015-06-15 14:24:39,146 [Worker-19] WARN  o.e.m.c.i.embedder.EclipseLogger - Using platform encoding (UTF-8 actually) to copy filtered resources, i.e. build is platform dependent!
2015-06-15 14:24:39,146 [Worker-19] INFO  o.e.m.c.i.embedder.EclipseLogger - skip non existing resourceDirectory /Users/joglover/Documents/workspace/project/ejbs/src/test/resources
2015-06-15 14:24:39,269 [Worker-19] INFO  o.e.m.c.i.l.LifecycleMappingFactory - Using org.eclipse.m2e.jdt.JarLifecycleMapping lifecycle mapping for MavenProject: root.project.servlets:servlet:1.0 @ /Users/joglover/Documents/workspace/project/servlets/servlet/pom.xml.
2015-06-15 14:24:39,341 [Worker-19] WARN  o.e.m.c.i.embedder.EclipseLogger - Using platform encoding (UTF-8 actually) to copy filtered resources, i.e. build is platform dependent!
2015-06-15 14:24:39,342 [Worker-19] INFO  o.e.m.c.i.embedder.EclipseLogger - skip non existing resourceDirectory /Users/joglover/Documents/workspace/project/servlets/servlet/src/main/resources
2015-06-15 14:24:39,344 [Worker-19] WARN  o.e.m.c.i.embedder.EclipseLogger - Using platform encoding (UTF-8 actually) to copy filtered resources, i.e. build is platform dependent!
2015-06-15 14:24:39,344 [Worker-19] INFO  o.e.m.c.i.embedder.EclipseLogger - skip non existing resourceDirectory /Users/joglover/Documents/workspace/project/servlets/servlet/src/test/resources
2015-06-15 14:24:39,682 [Worker-24] INFO  o.e.m.c.i.l.LifecycleMappingFactory - Using DEFAULT lifecycle mapping for MavenProject: root.project:ear:1.0 @ /Users/joglover/Documents/workspace/project/ear/pom.xml.
2015-06-15 14:24:39,842 [Worker-24] INFO  o.e.m.c.i.l.LifecycleMappingFactory - Using DEFAULT lifecycle mapping for MavenProject: root.project:ejbs:1.0 @ /Users/joglover/Documents/workspace/project/ejbs/pom.xml.
2015-06-15 14:24:39,929 [Worker-24] INFO  o.e.m.c.i.l.LifecycleMappingFactory - Using org.eclipse.m2e.jdt.JarLifecycleMapping lifecycle mapping for MavenProject: root.project.projects:logging:1.0 @ /Users/joglover/Documents/workspace/project/projects/logging/pom.xml.
2015-06-15 14:24:40,021 [Worker-24] INFO  o.e.m.c.i.l.LifecycleMappingFactory - Using org.eclipse.m2e.jdt.JarLifecycleMapping lifecycle mapping for MavenProject: root.project:primary-source:1.0 @ /Users/joglover/Documents/workspace/project/primary-source/pom.xml.
2015-06-15 14:24:40,394 [Worker-24] INFO  o.e.m.c.i.l.LifecycleMappingFactory - Using NULL lifecycle mapping for MavenProject: root:project:1.0 @ /Users/joglover/Documents/workspace/project/pom.xml.
2015-06-15 14:24:40,397 [Worker-24] INFO  o.e.m.c.i.l.LifecycleMappingFactory - Using NULL lifecycle mapping for MavenProject: root.project:servlets:1.0 @ /Users/joglover/Documents/workspace/project/servlets/pom.xml.
2015-06-15 14:24:40,401 [Worker-24] INFO  o.e.m.c.i.l.LifecycleMappingFactory - Using NULL lifecycle mapping for MavenProject: root.project:projects:1.0 @ /Users/joglover/Documents/workspace/project/projects/pom.xml.
2015-06-15 14:24:40,434 [Worker-24] INFO  o.e.m.c.i.l.LifecycleMappingFactory - Using DEFAULT lifecycle mapping for MavenProject: root.project:ear:1.0 @ /Users/joglover/Documents/workspace/project/ear/pom.xml.
2015-06-15 14:24:40,578 [Worker-24] INFO  o.e.m.c.i.l.LifecycleMappingFactory - Using DEFAULT lifecycle mapping for MavenProject: root.project:ejbs:1.0 @ /Users/joglover/Documents/workspace/project/ejbs/pom.xml.
2015-06-15 14:24:40,614 [Worker-24] INFO  o.e.m.c.i.l.LifecycleMappingFactory - Using org.eclipse.m2e.jdt.JarLifecycleMapping lifecycle mapping for MavenProject: root.project:primary-source:1.0 @ /Users/joglover/Documents/workspace/project/primary-source/pom.xml.
2015-06-15 14:24:40,672 [Worker-24] INFO  o.e.m.c.i.l.LifecycleMappingFactory - Using org.eclipse.m2e.jdt.JarLifecycleMapping lifecycle mapping for MavenProject: root.project.servlets:servlet:1.0 @ /Users/joglover/Documents/workspace/project/servlets/servlet/pom.xml.
2015-06-15 14:24:40,712 [Worker-24] INFO  o.e.m.c.i.l.LifecycleMappingFactory - Using org.eclipse.m2e.jdt.JarLifecycleMapping lifecycle mapping for MavenProject: root.project.projects:logging:1.0 @ /Users/joglover/Documents/workspace/project/projects/logging/pom.xml.
2015-06-15 14:24:40,768 [Worker-24] INFO  o.e.m.c.i.l.LifecycleMappingFactory - Using NULL lifecycle mapping for MavenProject: root.project:projects:1.0 @ /Users/joglover/Documents/workspace/project/projects/pom.xml.
2015-06-15 14:24:40,819 [Worker-24] INFO  o.e.m.c.i.l.LifecycleMappingFactory - Using org.eclipse.m2e.jdt.JarLifecycleMapping lifecycle mapping for MavenProject: root.project.projects:logging:1.0 @ /Users/joglover/Documents/workspace/project/projects/logging/pom.xml.
2015-06-15 14:24:40,898 [Worker-24] INFO  o.e.m.c.i.l.LifecycleMappingFactory - Using org.eclipse.m2e.jdt.JarLifecycleMapping lifecycle mapping for MavenProject: root.project.servlets:servlet:1.0 @ /Users/joglover/Documents/workspace/project/servlets/servlet/pom.xml.
2015-06-15 14:24:40,964 [Worker-24] INFO  o.e.m.c.i.l.LifecycleMappingFactory - Using NULL lifecycle mapping for MavenProject: root.project:servlets:1.0 @ /Users/joglover/Documents/workspace/project/servlets/pom.xml.
2015-06-15 14:24:40,995 [Worker-24] INFO  o.e.m.c.i.l.LifecycleMappingFactory - Using org.eclipse.m2e.jdt.JarLifecycleMapping lifecycle mapping for MavenProject: root.project.servlets:servlet:1.0 @ /Users/joglover/Documents/workspace/project/servlets/servlet/pom.xml.
2015-06-15 14:24:41,417 [Worker-4] WARN  o.e.m.c.i.embedder.EclipseLogger - Using platform encoding (UTF-8 actually) to copy filtered resources, i.e. build is platform dependent!
2015-06-15 14:24:41,418 [Worker-4] INFO  o.e.m.c.i.embedder.EclipseLogger - skip non existing resourceDirectory /Users/joglover/Documents/workspace/project/projects/logging/src/main/resources
2015-06-15 14:24:41,419 [Worker-4] WARN  o.e.m.c.i.embedder.EclipseLogger - Using platform encoding (UTF-8 actually) to copy filtered resources, i.e. build is platform dependent!
2015-06-15 14:24:41,420 [Worker-4] INFO  o.e.m.c.i.embedder.EclipseLogger - skip non existing resourceDirectory /Users/joglover/Documents/workspace/project/projects/logging/src/test/resources
2015-06-15 14:24:41,486 [Worker-4] WARN  o.e.m.c.i.embedder.EclipseLogger - Using platform encoding (UTF-8 actually) to copy filtered resources, i.e. build is platform dependent!
2015-06-15 14:24:41,486 [Worker-4] INFO  o.e.m.c.i.embedder.EclipseLogger - skip non existing resourceDirectory /Users/joglover/Documents/workspace/project/primary-source/src/main/resources
2015-06-15 14:24:41,489 [Worker-4] WARN  o.e.m.c.i.embedder.EclipseLogger - Using platform encoding (UTF-8 actually) to copy filtered resources, i.e. build is platform dependent!
2015-06-15 14:24:41,490 [Worker-4] INFO  o.e.m.c.i.embedder.EclipseLogger - skip non existing resourceDirectory /Users/joglover/Documents/workspace/project/primary-source/src/test/resources
2015-06-15 14:24:41,518 [Worker-4] WARN  o.e.m.c.i.embedder.EclipseLogger - Using platform encoding (UTF-8 actually) to copy filtered resources, i.e. build is platform dependent!
2015-06-15 14:24:41,521 [Worker-4] INFO  o.e.m.c.i.embedder.EclipseLogger - Copying 0 resource
2015-06-15 14:24:41,522 [Worker-4] WARN  o.e.m.c.i.embedder.EclipseLogger - Using platform encoding (UTF-8 actually) to copy filtered resources, i.e. build is platform dependent!
2015-06-15 14:24:41,523 [Worker-4] INFO  o.e.m.c.i.embedder.EclipseLogger - skip non existing resourceDirectory /Users/joglover/Documents/workspace/project/ejbs/src/test/resources
2015-06-15 14:24:41,559 [Worker-4] WARN  o.e.m.c.i.embedder.EclipseLogger - Using platform encoding (UTF-8 actually) to copy filtered resources, i.e. build is platform dependent!
2015-06-15 14:24:41,560 [Worker-4] INFO  o.e.m.c.i.embedder.EclipseLogger - skip non existing resourceDirectory /Users/joglover/Documents/workspace/project/servlets/servlet/src/main/resources
2015-06-15 14:24:41,565 [Worker-4] WARN  o.e.m.c.i.embedder.EclipseLogger - Using platform encoding (UTF-8 actually) to copy filtered resources, i.e. build is platform dependent!
2015-06-15 14:24:41,567 [Worker-4] INFO  o.e.m.c.i.embedder.EclipseLogger - skip non existing resourceDirectory /Users/joglover/Documents/workspace/project/servlets/servlet/src/test/resources
2015-06-15 14:26:46,955 [Worker-2] INFO  o.e.m.i.launch.MavenLaunchDelegate - /Users/joglover/Documents/workspace/project/ear
2015-06-15 14:26:46,961 [Worker-2] INFO  o.e.m.i.launch.MavenLaunchDelegate -  mvn  -B clean
2015-06-15 14:26:52,608 [Worker-0] WARN  o.e.m.c.i.embedder.EclipseLogger - Using platform encoding (UTF-8 actually) to copy filtered resources, i.e. build is platform dependent!
2015-06-15 14:26:52,617 [Worker-0] INFO  o.e.m.c.i.embedder.EclipseLogger - skip non existing resourceDirectory /Users/joglover/Documents/workspace/project/ear/src/main/resources
2015-06-15 14:27:25,792 [Worker-1] INFO  o.e.m.c.i.l.LifecycleMappingFactory - Using org.eclipse.m2e.jdt.JarLifecycleMapping lifecycle mapping for MavenProject: root.project.servlets:servlet:1.0 @ /Users/joglover/Documents/workspace/project/servlets/servlet/pom.xml.
2015-06-15 14:27:26,390 [Worker-1] INFO  o.e.m.c.i.e.AbstractTransferListenerAdapter - Downloaded http://repo.maven.apache.org/maven2/root/project/projects/logging/1.0/logging-1.0.pom
2015-06-15 14:27:26,394 [Worker-1] WARN  o.e.m.c.i.embedder.EclipseLogger - The POM for root.project.projects:logging:jar:1.0 is missing, no dependency information available
2015-06-15 14:27:26,619 [Worker-1] INFO  o.e.m.c.i.e.AbstractTransferListenerAdapter - Downloaded http://repo.maven.apache.org/maven2/root/project/projects/logging/1.0/logging-1.0.jar
2015-06-15 14:27:27,229 [Worker-1] INFO  o.e.m.c.i.l.LifecycleMappingFactory - Using org.eclipse.m2e.jdt.JarLifecycleMapping lifecycle mapping for MavenProject: root.project:primary-source:1.0 @ /Users/joglover/Documents/workspace/project/primary-source/pom.xml.
2015-06-15 14:27:27,755 [Worker-5] WARN  o.e.m.c.i.embedder.EclipseLogger - The POM for root.project.projects:logging:jar:1.0 is missing, no dependency information available
2015-06-15 14:27:28,169 [Worker-5] WARN  o.e.m.c.i.embedder.EclipseLogger - Using platform encoding (UTF-8 actually) to copy filtered resources, i.e. build is platform dependent!
2015-06-15 14:27:28,170 [Worker-5] INFO  o.e.m.c.i.embedder.EclipseLogger - skip non existing resourceDirectory /Users/joglover/Documents/workspace/project/primary-source/src/main/resources
2015-06-15 14:27:28,177 [Worker-5] WARN  o.e.m.c.i.embedder.EclipseLogger - Using platform encoding (UTF-8 actually) to copy filtered resources, i.e. build is platform dependent!
2015-06-15 14:27:28,178 [Worker-5] INFO  o.e.m.c.i.embedder.EclipseLogger - skip non existing resourceDirectory /Users/joglover/Documents/workspace/project/primary-source/src/test/resources
2015-06-15 14:27:28,225 [Worker-5] WARN  o.e.m.c.i.embedder.EclipseLogger - The POM for root.project.projects:logging:jar:1.0 is missing, no dependency information available
2015-06-15 14:27:28,234 [Worker-5] WARN  o.e.m.c.i.embedder.EclipseLogger - Using platform encoding (UTF-8 actually) to copy filtered resources, i.e. build is platform dependent!
2015-06-15 14:27:28,235 [Worker-5] INFO  o.e.m.c.i.embedder.EclipseLogger - skip non existing resourceDirectory /Users/joglover/Documents/workspace/project/servlets/servlet/src/main/resources
2015-06-15 14:27:28,237 [Worker-5] WARN  o.e.m.c.i.embedder.EclipseLogger - Using platform encoding (UTF-8 actually) to copy filtered resources, i.e. build is platform dependent!
2015-06-15 14:27:28,237 [Worker-5] INFO  o.e.m.c.i.embedder.EclipseLogger - skip non existing resourceDirectory /Users/joglover/Documents/workspace/project/servlets/servlet/src/test/resources
2015-06-15 14:29:13,298 [main] INFO  o.e.m2e.actions.ExecutePomAction - Creating new launch configuration
2015-06-15 14:29:43,363 [Worker-2] INFO  o.e.m.i.launch.MavenLaunchDelegate - /Users/joglover/myapp/MavenTestApp
2015-06-15 14:29:43,363 [Worker-2] INFO  o.e.m.i.launch.MavenLaunchDelegate -  mvn  -B package
2015-06-15 14:30:28,694 [main] INFO  o.e.m2e.actions.ExecutePomAction - Creating new launch configuration
2015-06-15 14:31:49,595 [Worker-4] INFO  o.e.m.i.launch.MavenLaunchDelegate - /Users/joglover/myapp/MavenTestApp
2015-06-15 14:31:49,595 [Worker-4] INFO  o.e.m.i.launch.MavenLaunchDelegate -  mvn  -B package
2015-06-15 14:33:43,829 [Worker-6] INFO  o.e.m.c.i.l.LifecycleMappingFactory - Using org.eclipse.m2e.jdt.JarLifecycleMapping lifecycle mapping for MavenProject: web:mywebapp:0.0.1-SNAPSHOT @ /Users/joglover/Documents/workspace/mywebapp/pom.xml.
2015-06-15 14:33:43,927 [Worker-6] INFO  o.e.m.j.i.AbstractJavaProjectConfigurator - Adding source folder /mywebapp/src/main/java
2015-06-15 14:33:43,928 [Worker-6] INFO  o.e.m.j.i.AbstractJavaProjectConfigurator - Adding resource folder /mywebapp/src/main/resources
2015-06-15 14:33:43,929 [Worker-6] INFO  o.e.m.j.i.AbstractJavaProjectConfigurator - Adding source folder /mywebapp/src/test/java
2015-06-15 14:33:43,930 [Worker-6] INFO  o.e.m.j.i.AbstractJavaProjectConfigurator - Adding resource folder /mywebapp/src/test/resources
2015-06-15 14:33:44,324 [Worker-0] INFO  o.e.m.c.i.l.LifecycleMappingFactory - Using org.eclipse.m2e.jdt.JarLifecycleMapping lifecycle mapping for MavenProject: web:mywebapp:0.0.1-SNAPSHOT @ /Users/joglover/Documents/workspace/mywebapp/pom.xml.
2015-06-15 14:33:44,416 [Worker-0] WARN  o.e.m.c.i.embedder.EclipseLogger - Using platform encoding (UTF-8 actually) to copy filtered resources, i.e. build is platform dependent!
2015-06-15 14:33:44,426 [Worker-0] INFO  o.e.m.c.i.embedder.EclipseLogger - Copying 0 resource
2015-06-15 14:33:44,431 [Worker-0] WARN  o.e.m.c.i.embedder.EclipseLogger - Using platform encoding (UTF-8 actually) to copy filtered resources, i.e. build is platform dependent!
2015-06-15 14:33:44,432 [Worker-0] INFO  o.e.m.c.i.embedder.EclipseLogger - Copying 0 resource
2015-06-15 14:33:45,174 [Worker-0] INFO  o.e.m.c.i.l.LifecycleMappingFactory - Using org.eclipse.m2e.jdt.JarLifecycleMapping lifecycle mapping for MavenProject: web:mywebapp:0.0.1-SNAPSHOT @ /Users/joglover/Documents/workspace/mywebapp/pom.xml.
2015-06-15 14:33:45,513 [Worker-7] WARN  o.e.m.c.i.embedder.EclipseLogger - Using platform encoding (UTF-8 actually) to copy filtered resources, i.e. build is platform dependent!
2015-06-15 14:33:45,519 [Worker-7] INFO  o.e.m.c.i.embedder.EclipseLogger - Copying 0 resource
2015-06-15 14:33:45,523 [Worker-7] WARN  o.e.m.c.i.embedder.EclipseLogger - Using platform encoding (UTF-8 actually) to copy filtered resources, i.e. build is platform dependent!
2015-06-15 14:33:45,524 [Worker-7] INFO  o.e.m.c.i.embedder.EclipseLogger - Copying 0 resource
2015-06-15 14:36:37,131 [Worker-6] INFO  o.e.m.i.launch.MavenLaunchDelegate - /Users/joglover/Documents/workspace/mywebapp
2015-06-15 14:36:37,131 [Worker-6] INFO  o.e.m.i.launch.MavenLaunchDelegate -  mvn  -B package
2015-06-15 14:36:52,114 [Worker-5] WARN  o.e.m.c.i.embedder.EclipseLogger - Using platform encoding (UTF-8 actually) to copy filtered resources, i.e. build is platform dependent!
2015-06-15 14:36:52,115 [Worker-5] INFO  o.e.m.c.i.embedder.EclipseLogger - Copying 0 resource
2015-06-15 14:36:52,117 [Worker-5] WARN  o.e.m.c.i.embedder.EclipseLogger - Using platform encoding (UTF-8 actually) to copy filtered resources, i.e. build is platform dependent!
2015-06-15 14:36:52,117 [Worker-5] INFO  o.e.m.c.i.embedder.EclipseLogger - Copying 0 resource
2015-07-20 07:28:24,694 [Worker-0] WARN  o.e.m.c.i.embedder.EclipseLogger - Using platform encoding (UTF-8 actually) to copy filtered resources, i.e. build is platform dependent!
2015-07-20 07:28:24,725 [Worker-0] INFO  o.e.m.c.i.embedder.EclipseLogger - Copying 0 resource
2015-07-20 07:28:24,728 [Worker-0] WARN  o.e.m.c.i.embedder.EclipseLogger - Using platform encoding (UTF-8 actually) to copy filtered resources, i.e. build is platform dependent!
2015-07-20 07:28:24,729 [Worker-0] INFO  o.e.m.c.i.embedder.EclipseLogger - Copying 0 resource
2015-07-20 07:33:39,389 [Worker-6] WARN  o.e.m.c.i.embedder.EclipseLogger - Using platform encoding (UTF-8 actually) to copy filtered resources, i.e. build is platform dependent!
2015-07-20 07:33:39,400 [Worker-6] INFO  o.e.m.c.i.embedder.EclipseLogger - Copying 0 resource
2015-07-20 07:33:39,402 [Worker-6] WARN  o.e.m.c.i.embedder.EclipseLogger - Using platform encoding (UTF-8 actually) to copy filtered resources, i.e. build is platform dependent!
2015-07-20 07:33:39,403 [Worker-6] INFO  o.e.m.c.i.embedder.EclipseLogger - Copying 0 resource
2015-07-20 08:13:00,817 [Worker-18] INFO  o.e.m.c.i.l.LifecycleMappingFactory - Using org.eclipse.m2e.jdt.JarLifecycleMapping lifecycle mapping for MavenProject: web:mywebapp:0.0.1-SNAPSHOT @ /Users/joglover/Documents/workspace/mywebapp/pom.xml.
2015-07-20 08:13:00,917 [Worker-18] WARN  o.e.m.c.i.embedder.EclipseLogger - Using platform encoding (UTF-8 actually) to copy filtered resources, i.e. build is platform dependent!
2015-07-20 08:13:00,918 [Worker-18] INFO  o.e.m.c.i.embedder.EclipseLogger - Copying 0 resource
2015-07-20 08:13:00,919 [Worker-18] WARN  o.e.m.c.i.embedder.EclipseLogger - Using platform encoding (UTF-8 actually) to copy filtered resources, i.e. build is platform dependent!
2015-07-20 08:13:00,920 [Worker-18] INFO  o.e.m.c.i.embedder.EclipseLogger - Copying 0 resource
2015-07-21 07:40:32,280 [main] INFO  o.e.m2e.actions.ExecutePomAction - Creating new launch configuration
2015-07-21 07:40:54,041 [Worker-107] INFO  o.e.m.i.launch.MavenLaunchDelegate - /Users/joglover/ourapp/ourapp
2015-07-21 07:40:54,041 [Worker-107] INFO  o.e.m.i.launch.MavenLaunchDelegate -  mvn  -B test
2015-07-21 07:41:18,197 [Worker-109] INFO  o.e.m.i.launch.MavenLaunchDelegate - /Users/joglover/ourapp/ourapp
2015-07-21 07:41:18,197 [Worker-109] INFO  o.e.m.i.launch.MavenLaunchDelegate -  mvn  -B install
2015-07-21 07:45:52,469 [Worker-109] INFO  o.e.m.i.launch.MavenLaunchDelegate - /Users/joglover/ourapp/ourapp
2015-07-21 07:45:52,469 [Worker-109] INFO  o.e.m.i.launch.MavenLaunchDelegate -  mvn  -B package
2015-07-21 07:55:53,244 [Worker-3] INFO  o.e.m.i.launch.MavenLaunchDelegate - /Users/joglover/ourapp/ourapp
2015-07-21 07:55:53,251 [Worker-3] INFO  o.e.m.i.launch.MavenLaunchDelegate -  mvn  -B package
2015-07-21 07:56:14,103 [Worker-3] INFO  o.e.m.i.launch.MavenLaunchDelegate - /Users/joglover/ourapp/ourapp
2015-07-21 07:56:14,104 [Worker-3] INFO  o.e.m.i.launch.MavenLaunchDelegate -  mvn  -B clean
2015-07-21 07:56:40,984 [Worker-1] INFO  o.e.m.i.launch.MavenLaunchDelegate - /Users/joglover/ourapp/ourapp
2015-07-21 07:56:40,984 [Worker-1] INFO  o.e.m.i.launch.MavenLaunchDelegate -  mvn  -B package
2015-07-21 07:58:25,515 [Worker-7] INFO  o.e.m.i.launch.MavenLaunchDelegate - /Users/joglover/ourapp/ourapp
2015-07-21 07:58:25,515 [Worker-7] INFO  o.e.m.i.launch.MavenLaunchDelegate -  mvn  -B clean
2015-07-21 07:59:04,398 [Worker-1] INFO  o.e.m.i.launch.MavenLaunchDelegate - /Users/joglover/ourapp/ourapp
2015-07-21 07:59:04,398 [Worker-1] INFO  o.e.m.i.launch.MavenLaunchDelegate -  mvn  -B package
2015-07-21 08:02:38,742 [ModalContext] INFO  o.e.m.c.i.e.AbstractTransferListenerAdapter - Downloading http://repo.maven.apache.org/maven2/org/apache/maven/archetypes/maven-archetype-quickstart/maven-metadata.xml
2015-07-21 08:02:39,097 [ModalContext] INFO  o.e.m.c.i.e.AbstractTransferListenerAdapter - Downloaded http://repo.maven.apache.org/maven2/org/apache/maven/archetypes/maven-archetype-quickstart/maven-metadata.xml
2015-07-21 08:03:10,679 [pool-2-thread-1] INFO  o.e.m.c.i.e.AbstractTransferListenerAdapter - Downloaded file:///Users/joglover/.m2/repository/org/apache/maven/archetypes/maven-archetype-quickstart/1.1/maven-archetype-quickstart-1.1.jar
2015-07-21 08:03:10,740 [Worker-8] INFO  o.e.m.c.i.p.ProjectConfigurationManager - Collecting project info '/pom.xml' /Users/joglover/Documents/workspace/ourapp2/pom.xml
2015-07-21 08:03:11,874 [Worker-8] INFO  o.e.m.c.i.l.LifecycleMappingFactory - Using org.eclipse.m2e.jdt.JarLifecycleMapping lifecycle mapping for MavenProject: ourapp2:ourapp2:1.1-SNAPSHOT @ /Users/joglover/Documents/workspace/ourapp2/pom.xml.
2015-07-21 08:03:12,302 [Worker-8] INFO  o.e.m.j.i.AbstractJavaProjectConfigurator - Adding source folder /ourapp2/src/main/java
2015-07-21 08:03:12,304 [Worker-8] INFO  o.e.m.j.i.AbstractJavaProjectConfigurator - Adding source folder /ourapp2/src/test/java
2015-07-21 08:03:12,396 [Worker-8] INFO  o.e.m.c.i.p.ProjectConfigurationManager - Imported and configured 1 project(s) in 1 sec
2015-07-21 08:03:13,018 [Worker-12] INFO  o.e.m.c.i.l.LifecycleMappingFactory - Using org.eclipse.m2e.jdt.JarLifecycleMapping lifecycle mapping for MavenProject: ourapp2:ourapp2:1.1-SNAPSHOT @ /Users/joglover/Documents/workspace/ourapp2/pom.xml.
2015-07-21 08:03:13,187 [Worker-12] INFO  o.e.m.c.i.embedder.EclipseLogger - Using 'UTF-8' encoding to copy filtered resources.
2015-07-21 08:03:13,188 [Worker-12] INFO  o.e.m.c.i.embedder.EclipseLogger - skip non existing resourceDirectory /Users/joglover/Documents/workspace/ourapp2/src/main/resources
2015-07-21 08:03:13,198 [Worker-12] INFO  o.e.m.c.i.embedder.EclipseLogger - Using 'UTF-8' encoding to copy filtered resources.
2015-07-21 08:03:13,199 [Worker-12] INFO  o.e.m.c.i.embedder.EclipseLogger - skip non existing resourceDirectory /Users/joglover/Documents/workspace/ourapp2/src/test/resources
2015-07-21 08:03:13,239 [Worker-11] INFO  o.e.m.c.i.l.LifecycleMappingFactory - Using org.eclipse.m2e.jdt.JarLifecycleMapping lifecycle mapping for MavenProject: ourapp2:ourapp2:1.1-SNAPSHOT @ /Users/joglover/Documents/workspace/ourapp2/pom.xml.
2015-07-21 08:03:14,263 [Worker-10] INFO  o.e.m.c.i.embedder.EclipseLogger - Using 'UTF-8' encoding to copy filtered resources.
2015-07-21 08:03:14,263 [Worker-10] INFO  o.e.m.c.i.embedder.EclipseLogger - skip non existing resourceDirectory /Users/joglover/Documents/workspace/ourapp2/src/main/resources
2015-07-21 08:03:14,265 [Worker-10] INFO  o.e.m.c.i.embedder.EclipseLogger - Using 'UTF-8' encoding to copy filtered resources.
2015-07-21 08:03:14,265 [Worker-10] INFO  o.e.m.c.i.embedder.EclipseLogger - skip non existing resourceDirectory /Users/joglover/Documents/workspace/ourapp2/src/test/resources
2015-07-21 08:04:37,802 [Worker-10] INFO  o.e.m.i.launch.MavenLaunchDelegate - /Users/joglover/Documents/workspace/ourapp2
2015-07-21 08:04:37,803 [Worker-10] INFO  o.e.m.i.launch.MavenLaunchDelegate -  mvn  -B package
2015-07-21 08:04:58,395 [Worker-8] INFO  o.e.m.c.i.embedder.EclipseLogger - Using 'UTF-8' encoding to copy filtered resources.
2015-07-21 08:04:58,396 [Worker-8] INFO  o.e.m.c.i.embedder.EclipseLogger - skip non existing resourceDirectory /Users/joglover/Documents/workspace/ourapp2/src/main/resources
2015-07-21 08:04:58,398 [Worker-8] INFO  o.e.m.c.i.embedder.EclipseLogger - Using 'UTF-8' encoding to copy filtered resources.
2015-07-21 08:04:58,398 [Worker-8] INFO  o.e.m.c.i.embedder.EclipseLogger - skip non existing resourceDirectory /Users/joglover/Documents/workspace/ourapp2/src/test/resources
2015-07-21 08:05:45,369 [Worker-12] INFO  o.e.m.c.i.l.LifecycleMappingFactory - Using org.eclipse.m2e.jdt.JarLifecycleMapping lifecycle mapping for MavenProject: ourapp2:ourapp2:1.1-SNAPSHOT @ /Users/joglover/Documents/workspace/ourapp2/pom.xml.
2015-07-21 08:05:45,456 [Worker-12] INFO  o.e.m.c.i.embedder.EclipseLogger - Using 'UTF-8' encoding to copy filtered resources.
2015-07-21 08:05:45,457 [Worker-12] INFO  o.e.m.c.i.embedder.EclipseLogger - skip non existing resourceDirectory /Users/joglover/Documents/workspace/ourapp2/src/main/resources
2015-07-21 08:05:45,459 [Worker-12] INFO  o.e.m.c.i.embedder.EclipseLogger - Using 'UTF-8' encoding to copy filtered resources.
2015-07-21 08:05:45,459 [Worker-12] INFO  o.e.m.c.i.embedder.EclipseLogger - skip non existing resourceDirectory /Users/joglover/Documents/workspace/ourapp2/src/test/resources
2015-07-21 08:05:56,647 [Worker-10] INFO  o.e.m.i.launch.MavenLaunchDelegate - /Users/joglover/Documents/workspace/ourapp2
2015-07-21 08:05:56,647 [Worker-10] INFO  o.e.m.i.launch.MavenLaunchDelegate -  mvn  -B clean
2015-07-21 08:05:59,450 [Worker-10] INFO  o.e.m.c.i.embedder.EclipseLogger - Using 'UTF-8' encoding to copy filtered resources.
2015-07-21 08:05:59,451 [Worker-10] INFO  o.e.m.c.i.embedder.EclipseLogger - skip non existing resourceDirectory /Users/joglover/Documents/workspace/ourapp2/src/main/resources
2015-07-21 08:05:59,453 [Worker-10] INFO  o.e.m.c.i.embedder.EclipseLogger - Using 'UTF-8' encoding to copy filtered resources.
2015-07-21 08:05:59,453 [Worker-10] INFO  o.e.m.c.i.embedder.EclipseLogger - skip non existing resourceDirectory /Users/joglover/Documents/workspace/ourapp2/src/test/resources
2015-07-21 08:06:23,952 [Worker-12] INFO  o.e.m.i.launch.MavenLaunchDelegate - /Users/joglover/Documents/workspace/ourapp2
2015-07-21 08:06:23,952 [Worker-12] INFO  o.e.m.i.launch.MavenLaunchDelegate -  mvn  -B package
2015-07-21 08:06:39,616 [Worker-12] INFO  o.e.m.c.i.embedder.EclipseLogger - Using 'UTF-8' encoding to copy filtered resources.
2015-07-21 08:06:39,617 [Worker-12] INFO  o.e.m.c.i.embedder.EclipseLogger - skip non existing resourceDirectory /Users/joglover/Documents/workspace/ourapp2/src/main/resources
2015-07-21 08:06:39,618 [Worker-12] INFO  o.e.m.c.i.embedder.EclipseLogger - Using 'UTF-8' encoding to copy filtered resources.
2015-07-21 08:06:39,618 [Worker-12] INFO  o.e.m.c.i.embedder.EclipseLogger - skip non existing resourceDirectory /Users/joglover/Documents/workspace/ourapp2/src/test/resources
2015-07-22 18:06:40,038 [Worker-2] INFO  o.e.m.c.i.embedder.EclipseLogger - Using 'UTF-8' encoding to copy filtered resources.
2015-07-22 18:06:40,051 [Worker-2] INFO  o.e.m.c.i.embedder.EclipseLogger - skip non existing resourceDirectory /Users/joglover/Documents/workspace/ourapp2/src/main/resources
2015-07-22 18:06:40,057 [Worker-2] INFO  o.e.m.c.i.embedder.EclipseLogger - Using 'UTF-8' encoding to copy filtered resources.
2015-07-22 18:06:40,057 [Worker-2] INFO  o.e.m.c.i.embedder.EclipseLogger - skip non existing resourceDirectory /Users/joglover/Documents/workspace/ourapp2/src/test/resources
2015-07-24 02:12:24,859 [Worker-0] INFO  o.e.m.c.i.embedder.EclipseLogger - Using 'UTF-8' encoding to copy filtered resources.
2015-07-24 02:12:24,865 [Worker-0] INFO  o.e.m.c.i.embedder.EclipseLogger - skip non existing resourceDirectory /Users/joglover/Documents/workspace/ourapp2/src/main/resources
2015-07-24 02:12:24,869 [Worker-0] INFO  o.e.m.c.i.embedder.EclipseLogger - Using 'UTF-8' encoding to copy filtered resources.
2015-07-24 02:12:24,869 [Worker-0] INFO  o.e.m.c.i.embedder.EclipseLogger - skip non existing resourceDirectory /Users/joglover/Documents/workspace/ourapp2/src/test/resources
2015-07-27 07:17:51,585 [Worker-3] INFO  o.e.m.c.i.embedder.EclipseLogger - Using 'UTF-8' encoding to copy filtered resources.
2015-07-27 07:17:51,593 [Worker-3] INFO  o.e.m.c.i.embedder.EclipseLogger - skip non existing resourceDirectory /Users/joglover/Documents/workspace/ourapp2/src/main/resources
2015-07-27 07:17:51,596 [Worker-3] INFO  o.e.m.c.i.embedder.EclipseLogger - Using 'UTF-8' encoding to copy filtered resources.
2015-07-27 07:17:51,596 [Worker-3] INFO  o.e.m.c.i.embedder.EclipseLogger - skip non existing resourceDirectory /Users/joglover/Documents/workspace/ourapp2/src/test/resources
2015-07-28 06:17:37,340 [Worker-19] ERROR o.e.m.j.i.l.MavenLaunchConfigurationListener - Launch configuration App (1) references non-existing project ourapp2.
org.eclipse.core.runtime.CoreException: Launch configuration App (1) references non-existing project ourapp2.
	at org.eclipse.jdt.launching.JavaRuntime.abort(JavaRuntime.java:1406) ~[org.eclipse.jdt.launching_3.7.102.v20141111-0953.jar:na]
	at org.eclipse.jdt.launching.JavaRuntime.getJavaProject(JavaRuntime.java:1281) ~[org.eclipse.jdt.launching_3.7.102.v20141111-0953.jar:na]
	at org.eclipse.m2e.jdt.internal.launch.MavenLaunchConfigurationListener.updateLaunchConfiguration(MavenLaunchConfigurationListener.java:53) [org.eclipse.m2e.jdt_1.5.1.20150109-1820.jar:na]
	at org.eclipse.m2e.jdt.internal.launch.MavenLaunchConfigurationListener.launchConfigurationChanged(MavenLaunchConfigurationListener.java:38) [org.eclipse.m2e.jdt_1.5.1.20150109-1820.jar:na]
	at org.eclipse.debug.internal.core.LaunchManager$ConfigurationNotifier.run(LaunchManager.java:229) [org.eclipse.debug.core_3.9.1.v20140805-1629.jar:na]
	at org.eclipse.core.runtime.SafeRunner.run(SafeRunner.java:42) [org.eclipse.equinox.common_3.6.200.v20130402-1505.jar:na]
	at org.eclipse.debug.internal.core.LaunchManager$ConfigurationNotifier.notify(LaunchManager.java:209) [org.eclipse.debug.core_3.9.1.v20140805-1629.jar:na]
	at org.eclipse.debug.internal.core.LaunchConfigurationWorkingCopy.setDirty(LaunchConfigurationWorkingCopy.java:552) [org.eclipse.debug.core_3.9.1.v20140805-1629.jar:na]
	at org.eclipse.debug.internal.core.LaunchConfigurationWorkingCopy.setAttribute(LaunchConfigurationWorkingCopy.java:425) [org.eclipse.debug.core_3.9.1.v20140805-1629.jar:na]
	at org.eclipse.m2e.jdt.internal.launch.MavenRuntimeClasspathProvider.disable(MavenRuntimeClasspathProvider.java:309) [org.eclipse.m2e.jdt_1.5.1.20150109-1820.jar:na]
	at org.eclipse.m2e.jdt.internal.launch.MavenRuntimeClasspathProvider.disable(MavenRuntimeClasspathProvider.java:335) [org.eclipse.m2e.jdt_1.5.1.20150109-1820.jar:na]
	at org.eclipse.m2e.jdt.internal.launch.MavenLaunchConfigurationListener.mavenProjectChanged(MavenLaunchConfigurationListener.java:70) [org.eclipse.m2e.jdt_1.5.1.20150109-1820.jar:na]
	at org.eclipse.m2e.core.internal.project.registry.ProjectRegistryManager.notifyProjectChangeListeners(ProjectRegistryManager.java:747) [org.eclipse.m2e.core_1.5.1.20150109-1820.jar:na]
	at org.eclipse.m2e.core.internal.project.registry.ProjectRegistryManager.applyMutableProjectRegistry(ProjectRegistryManager.java:876) [org.eclipse.m2e.core_1.5.1.20150109-1820.jar:na]
	at org.eclipse.m2e.core.internal.project.registry.ProjectRegistryRefreshJob$1.call(ProjectRegistryRefreshJob.java:104) [org.eclipse.m2e.core_1.5.1.20150109-1820.jar:na]
	at org.eclipse.m2e.core.internal.project.registry.ProjectRegistryRefreshJob$1.call(ProjectRegistryRefreshJob.java:1) [org.eclipse.m2e.core_1.5.1.20150109-1820.jar:na]
	at org.eclipse.m2e.core.internal.embedder.MavenExecutionContext.executeBare(MavenExecutionContext.java:166) [org.eclipse.m2e.core_1.5.1.20150109-1820.jar:na]
	at org.eclipse.m2e.core.internal.embedder.MavenExecutionContext.execute(MavenExecutionContext.java:142) [org.eclipse.m2e.core_1.5.1.20150109-1820.jar:na]
	at org.eclipse.m2e.core.internal.embedder.MavenExecutionContext.execute(MavenExecutionContext.java:96) [org.eclipse.m2e.core_1.5.1.20150109-1820.jar:na]
	at org.eclipse.m2e.core.internal.embedder.MavenImpl.execute(MavenImpl.java:1348) [org.eclipse.m2e.core_1.5.1.20150109-1820.jar:na]
	at org.eclipse.m2e.core.internal.project.registry.ProjectRegistryRefreshJob.run(ProjectRegistryRefreshJob.java:87) [org.eclipse.m2e.core_1.5.1.20150109-1820.jar:na]
	at org.eclipse.core.internal.jobs.Worker.run(Worker.java:54) [org.eclipse.core.jobs_3.6.1.v20141014-1248.jar:na]
2015-07-28 06:17:37,361 [Worker-19] ERROR o.e.m.j.i.l.MavenLaunchConfigurationListener - Launch configuration App (1) references non-existing project ourapp2.
org.eclipse.core.runtime.CoreException: Launch configuration App (1) references non-existing project ourapp2.
	at org.eclipse.jdt.launching.JavaRuntime.abort(JavaRuntime.java:1406) ~[org.eclipse.jdt.launching_3.7.102.v20141111-0953.jar:na]
	at org.eclipse.jdt.launching.JavaRuntime.getJavaProject(JavaRuntime.java:1281) ~[org.eclipse.jdt.launching_3.7.102.v20141111-0953.jar:na]
	at org.eclipse.m2e.jdt.internal.launch.MavenLaunchConfigurationListener.updateLaunchConfiguration(MavenLaunchConfigurationListener.java:53) [org.eclipse.m2e.jdt_1.5.1.20150109-1820.jar:na]
	at org.eclipse.m2e.jdt.internal.launch.MavenLaunchConfigurationListener.launchConfigurationChanged(MavenLaunchConfigurationListener.java:38) [org.eclipse.m2e.jdt_1.5.1.20150109-1820.jar:na]
	at org.eclipse.debug.internal.core.LaunchManager$ConfigurationNotifier.run(LaunchManager.java:229) [org.eclipse.debug.core_3.9.1.v20140805-1629.jar:na]
	at org.eclipse.core.runtime.SafeRunner.run(SafeRunner.java:42) [org.eclipse.equinox.common_3.6.200.v20130402-1505.jar:na]
	at org.eclipse.debug.internal.core.LaunchManager$ConfigurationNotifier.notify(LaunchManager.java:209) [org.eclipse.debug.core_3.9.1.v20140805-1629.jar:na]
	at org.eclipse.debug.internal.core.LaunchConfigurationWorkingCopy.setDirty(LaunchConfigurationWorkingCopy.java:552) [org.eclipse.debug.core_3.9.1.v20140805-1629.jar:na]
	at org.eclipse.debug.internal.core.LaunchConfigurationWorkingCopy.setAttribute(LaunchConfigurationWorkingCopy.java:425) [org.eclipse.debug.core_3.9.1.v20140805-1629.jar:na]
	at org.eclipse.m2e.jdt.internal.launch.MavenRuntimeClasspathProvider.disable(MavenRuntimeClasspathProvider.java:310) [org.eclipse.m2e.jdt_1.5.1.20150109-1820.jar:na]
	at org.eclipse.m2e.jdt.internal.launch.MavenRuntimeClasspathProvider.disable(MavenRuntimeClasspathProvider.java:335) [org.eclipse.m2e.jdt_1.5.1.20150109-1820.jar:na]
	at org.eclipse.m2e.jdt.internal.launch.MavenLaunchConfigurationListener.mavenProjectChanged(MavenLaunchConfigurationListener.java:70) [org.eclipse.m2e.jdt_1.5.1.20150109-1820.jar:na]
	at org.eclipse.m2e.core.internal.project.registry.ProjectRegistryManager.notifyProjectChangeListeners(ProjectRegistryManager.java:747) [org.eclipse.m2e.core_1.5.1.20150109-1820.jar:na]
	at org.eclipse.m2e.core.internal.project.registry.ProjectRegistryManager.applyMutableProjectRegistry(ProjectRegistryManager.java:876) [org.eclipse.m2e.core_1.5.1.20150109-1820.jar:na]
	at org.eclipse.m2e.core.internal.project.registry.ProjectRegistryRefreshJob$1.call(ProjectRegistryRefreshJob.java:104) [org.eclipse.m2e.core_1.5.1.20150109-1820.jar:na]
	at org.eclipse.m2e.core.internal.project.registry.ProjectRegistryRefreshJob$1.call(ProjectRegistryRefreshJob.java:1) [org.eclipse.m2e.core_1.5.1.20150109-1820.jar:na]
	at org.eclipse.m2e.core.internal.embedder.MavenExecutionContext.executeBare(MavenExecutionContext.java:166) [org.eclipse.m2e.core_1.5.1.20150109-1820.jar:na]
	at org.eclipse.m2e.core.internal.embedder.MavenExecutionContext.execute(MavenExecutionContext.java:142) [org.eclipse.m2e.core_1.5.1.20150109-1820.jar:na]
	at org.eclipse.m2e.core.internal.embedder.MavenExecutionContext.execute(MavenExecutionContext.java:96) [org.eclipse.m2e.core_1.5.1.20150109-1820.jar:na]
	at org.eclipse.m2e.core.internal.embedder.MavenImpl.execute(MavenImpl.java:1348) [org.eclipse.m2e.core_1.5.1.20150109-1820.jar:na]
	at org.eclipse.m2e.core.internal.project.registry.ProjectRegistryRefreshJob.run(ProjectRegistryRefreshJob.java:87) [org.eclipse.m2e.core_1.5.1.20150109-1820.jar:na]
	at org.eclipse.core.internal.jobs.Worker.run(Worker.java:54) [org.eclipse.core.jobs_3.6.1.v20141014-1248.jar:na]
2015-07-28 06:17:37,369 [Worker-19] ERROR o.e.m.j.i.l.MavenLaunchConfigurationListener - Launch configuration App (1) references non-existing project ourapp2.
org.eclipse.core.runtime.CoreException: Launch configuration App (1) references non-existing project ourapp2.
	at org.eclipse.jdt.launching.JavaRuntime.abort(JavaRuntime.java:1406) ~[org.eclipse.jdt.launching_3.7.102.v20141111-0953.jar:na]
	at org.eclipse.jdt.launching.JavaRuntime.getJavaProject(JavaRuntime.java:1281) ~[org.eclipse.jdt.launching_3.7.102.v20141111-0953.jar:na]
	at org.eclipse.m2e.jdt.internal.launch.MavenLaunchConfigurationListener.updateLaunchConfiguration(MavenLaunchConfigurationListener.java:53) [org.eclipse.m2e.jdt_1.5.1.20150109-1820.jar:na]
	at org.eclipse.m2e.jdt.internal.launch.MavenLaunchConfigurationListener.launchConfigurationChanged(MavenLaunchConfigurationListener.java:38) [org.eclipse.m2e.jdt_1.5.1.20150109-1820.jar:na]
	at org.eclipse.debug.internal.core.LaunchManager$ConfigurationNotifier.run(LaunchManager.java:229) [org.eclipse.debug.core_3.9.1.v20140805-1629.jar:na]
	at org.eclipse.core.runtime.SafeRunner.run(SafeRunner.java:42) [org.eclipse.equinox.common_3.6.200.v20130402-1505.jar:na]
	at org.eclipse.debug.internal.core.LaunchManager$ConfigurationNotifier.notify(LaunchManager.java:209) [org.eclipse.debug.core_3.9.1.v20140805-1629.jar:na]
	at org.eclipse.debug.internal.core.LaunchManager.launchConfigurationChanged(LaunchManager.java:2162) [org.eclipse.debug.core_3.9.1.v20140805-1629.jar:na]
	at org.eclipse.debug.internal.core.LaunchConfigurationWorkingCopy.writeNewFile(LaunchConfigurationWorkingCopy.java:384) [org.eclipse.debug.core_3.9.1.v20140805-1629.jar:na]
	at org.eclipse.debug.internal.core.LaunchConfigurationWorkingCopy.doSave0(LaunchConfigurationWorkingCopy.java:250) [org.eclipse.debug.core_3.9.1.v20140805-1629.jar:na]
	at org.eclipse.debug.internal.core.LaunchConfigurationWorkingCopy.doSave(LaunchConfigurationWorkingCopy.java:220) [org.eclipse.debug.core_3.9.1.v20140805-1629.jar:na]
	at org.eclipse.debug.internal.core.LaunchConfigurationWorkingCopy.doSave(LaunchConfigurationWorkingCopy.java:173) [org.eclipse.debug.core_3.9.1.v20140805-1629.jar:na]
	at org.eclipse.m2e.jdt.internal.launch.MavenRuntimeClasspathProvider.disable(MavenRuntimeClasspathProvider.java:311) [org.eclipse.m2e.jdt_1.5.1.20150109-1820.jar:na]
	at org.eclipse.m2e.jdt.internal.launch.MavenRuntimeClasspathProvider.disable(MavenRuntimeClasspathProvider.java:335) [org.eclipse.m2e.jdt_1.5.1.20150109-1820.jar:na]
	at org.eclipse.m2e.jdt.internal.launch.MavenLaunchConfigurationListener.mavenProjectChanged(MavenLaunchConfigurationListener.java:70) [org.eclipse.m2e.jdt_1.5.1.20150109-1820.jar:na]
	at org.eclipse.m2e.core.internal.project.registry.ProjectRegistryManager.notifyProjectChangeListeners(ProjectRegistryManager.java:747) [org.eclipse.m2e.core_1.5.1.20150109-1820.jar:na]
	at org.eclipse.m2e.core.internal.project.registry.ProjectRegistryManager.applyMutableProjectRegistry(ProjectRegistryManager.java:876) [org.eclipse.m2e.core_1.5.1.20150109-1820.jar:na]
	at org.eclipse.m2e.core.internal.project.registry.ProjectRegistryRefreshJob$1.call(ProjectRegistryRefreshJob.java:104) [org.eclipse.m2e.core_1.5.1.20150109-1820.jar:na]
	at org.eclipse.m2e.core.internal.project.registry.ProjectRegistryRefreshJob$1.call(ProjectRegistryRefreshJob.java:1) [org.eclipse.m2e.core_1.5.1.20150109-1820.jar:na]
	at org.eclipse.m2e.core.internal.embedder.MavenExecutionContext.executeBare(MavenExecutionContext.java:166) [org.eclipse.m2e.core_1.5.1.20150109-1820.jar:na]
	at org.eclipse.m2e.core.internal.embedder.MavenExecutionContext.execute(MavenExecutionContext.java:142) [org.eclipse.m2e.core_1.5.1.20150109-1820.jar:na]
	at org.eclipse.m2e.core.internal.embedder.MavenExecutionContext.execute(MavenExecutionContext.java:96) [org.eclipse.m2e.core_1.5.1.20150109-1820.jar:na]
	at org.eclipse.m2e.core.internal.embedder.MavenImpl.execute(MavenImpl.java:1348) [org.eclipse.m2e.core_1.5.1.20150109-1820.jar:na]
	at org.eclipse.m2e.core.internal.project.registry.ProjectRegistryRefreshJob.run(ProjectRegistryRefreshJob.java:87) [org.eclipse.m2e.core_1.5.1.20150109-1820.jar:na]
	at org.eclipse.core.internal.jobs.Worker.run(Worker.java:54) [org.eclipse.core.jobs_3.6.1.v20141014-1248.jar:na]
